f:\htwberlin\computergrafik\beleg\galaxyadventure\galaxyadventure\galaxyadventure\debug\vc141.pdb
f:\htwberlin\computergrafik\beleg\galaxyadventure\galaxyadventure\galaxyadventure\debug\vc141.idb
f:\htwberlin\computergrafik\beleg\galaxyadventure\galaxyadventure\galaxyadventure\debug\galaxyadventure.obj
c:\users\wieselman\git\galaxyadventure\galaxyadventure\galaxyadventure\debug\vc141.pdb
c:\users\wieselman\git\galaxyadventure\galaxyadventure\galaxyadventure\debug\vc141.idb
c:\users\wieselman\git\galaxyadventure\galaxyadventure\galaxyadventure\debug\galaxyadventure.obj
f:\htwberlin\computergrafik\beleg\galaxyadventure\galaxyadventure\debug\galaxyadventure.exe
f:\htwberlin\computergrafik\beleg\galaxyadventure\galaxyadventure\debug\galaxyadventure.ilk
f:\htwberlin\computergrafik\beleg\galaxyadventure\galaxyadventure\debug\galaxyadventure.pdb
c:\users\wieselman\git\galaxyadventure\galaxyadventure\debug\galaxyadventure.ilk
c:\users\wieselman\git\galaxyadventure\galaxyadventure\debug\galaxyadventure.exe
c:\users\wieselman\git\galaxyadventure\galaxyadventure\debug\galaxyadventure.pdb
f:\htwberlin\computergrafik\beleg\galaxyadventure\galaxyadventure\galaxyadventure\debug\shader.obj
f:\htwberlin\computergrafik\beleg\galaxyadventure\galaxyadventure\galaxyadventure\debug\spaceship.obj
f:\htwberlin\computergrafik\beleg\galaxyadventure\galaxyadventure\galaxyadventure\debug\galaxyadventure.tlog\cl.command.1.tlog
f:\htwberlin\computergrafik\beleg\galaxyadventure\galaxyadventure\galaxyadventure\debug\galaxyadventure.tlog\cl.read.1.tlog
f:\htwberlin\computergrafik\beleg\galaxyadventure\galaxyadventure\galaxyadventure\debug\galaxyadventure.tlog\cl.write.1.tlog
f:\htwberlin\computergrafik\beleg\galaxyadventure\galaxyadventure\galaxyadventure\debug\galaxyadventure.tlog\link.command.1.tlog
f:\htwberlin\computergrafik\beleg\galaxyadventure\galaxyadventure\galaxyadventure\debug\galaxyadventure.tlog\link.read.1.tlog
f:\htwberlin\computergrafik\beleg\galaxyadventure\galaxyadventure\galaxyadventure\debug\galaxyadventure.tlog\link.write.1.tlog
